<?xml version="1.0" encoding="UTF-8"?>
<testsuite xmlns:xsi="http://www.w3.org/2001/XMLSchema-instance" xsi:noNamespaceSchemaLocation="https://maven.apache.org/surefire/maven-surefire-plugin/xsd/surefire-test-report-3.0.xsd" version="3.0" name="com.shiptime.demo.DemoApplicationTests" time="1.142" tests="1" errors="0" skipped="0" failures="0">
  <properties>
[...]
</properties>
  <testcase name="contextLoads" classname="com.shiptime.demo.DemoApplicationTests" time="0.005">
    <system-out><![CDATA[11:02:11.196 [main] INFO org.springframework.test.context.support.AnnotationConfigContextLoaderUtils -- Could not detect default configuration classes for test class [com.shiptime.demo.DemoApplicationTests]: DemoApplicationTests does not declare any static, non-private, non-final, nested classes annotated with @Configuration.
11:02:11.241 [main] INFO org.springframework.boot.test.context.SpringBootTestContextBootstrapper -- Found @SpringBootConfiguration com.shiptime.demo.ShipTimeDemoApplication for test class com.shiptime.demo.DemoApplicationTests

  .   ____          _            __ _ _
 /\\ / ___'_ __ _ _(_)_ __  __ _ \ \ \ \
( ( )\___ | '_ | '_| | '_ \/ _` | \ \ \ \
 \\/  ___)| |_)| | | | | || (_| |  ) ) ) )
  '  |____| .__|_| |_|_| |_\__, | / / / /
 =========|_|==============|___/=/_/_/_/
 :: Spring Boot ::                (v3.2.0)

2023-12-06T11:02:11.392-05:00  WARN 17438 --- [           main] ory$DuplicateJsonObjectContextCustomizer : 

Found multiple occurrences of org.json.JSONObject on the class path:

	jar:file:/Users/sercanoztorun/.m2/repository/org/json/json/20231013/json-20231013.jar!/org/json/JSONObject.class
	jar:file:/Users/sercanoztorun/.m2/repository/com/vaadin/external/google/android-json/0.0.20131108.vaadin1/android-json-0.0.20131108.vaadin1.jar!/org/json/JSONObject.class

You may wish to exclude one of them to ensure predictable runtime behavior

2023-12-06T11:02:11.399-05:00  INFO 17438 --- [           main] com.shiptime.demo.DemoApplicationTests   : Starting DemoApplicationTests using Java 21.0.1 with PID 17438 (started by sercanoztorun in /Users/sercanoztorun/Coding/shiptime/backend)
2023-12-06T11:02:11.399-05:00  INFO 17438 --- [           main] com.shiptime.demo.DemoApplicationTests   : No active profile set, falling back to 1 default profile: "default"
2023-12-06T11:02:11.660-05:00  INFO 17438 --- [           main] .s.d.r.c.RepositoryConfigurationDelegate : Multiple Spring Data modules found, entering strict repository configuration mode
2023-12-06T11:02:11.660-05:00  INFO 17438 --- [           main] .s.d.r.c.RepositoryConfigurationDelegate : Bootstrapping Spring Data Redis repositories in DEFAULT mode.
2023-12-06T11:02:11.674-05:00  INFO 17438 --- [           main] .s.d.r.c.RepositoryConfigurationDelegate : Finished Spring Data repository scanning in 7 ms. Found 0 Redis repository interfaces.
redis6379
2023-12-06T11:02:12.248-05:00  INFO 17438 --- [           main] com.shiptime.demo.DemoApplicationTests   : Started DemoApplicationTests in 0.948 seconds (process running for 2.163)
]]></system-out>
  </testcase>
</testsuite>